<?xml version="1.0" encoding="UTF-8"?>
<testsuite name="inhatc.cse.hyeontaekshop.item.repository.ItemRepositoryTest" tests="1" skipped="0" failures="0" errors="0" timestamp="2024-09-10T06:38:10" hostname="4-406-20" time="0.553">
  <properties/>
  <testcase name="findByItemNmLikeTest()" classname="inhatc.cse.hyeontaekshop.item.repository.ItemRepositoryTest" time="0.553"/>
  <system-out><![CDATA[15:38:06.890 [Test worker] INFO org.springframework.test.context.support.AnnotationConfigContextLoaderUtils -- Could not detect default configuration classes for test class [inhatc.cse.hyeontaekshop.item.repository.ItemRepositoryTest]: ItemRepositoryTest does not declare any static, non-private, non-final, nested classes annotated with @Configuration.
15:38:06.967 [Test worker] INFO org.springframework.boot.test.context.SpringBootTestContextBootstrapper -- Found @SpringBootConfiguration inhatc.cse.hyeontaekshop.HyeonTaekShopApplication for test class inhatc.cse.hyeontaekshop.item.repository.ItemRepositoryTest

  .   ____          _            __ _ _
 /\\ / ___'_ __ _ _(_)_ __  __ _ \ \ \ \
( ( )\___ | '_ | '_| | '_ \/ _` | \ \ \ \
 \\/  ___)| |_)| | | | | || (_| |  ) ) ) )
  '  |____| .__|_| |_|_| |_\__, | / / / /
 =========|_|==============|___/=/_/_/_/

 :: Spring Boot ::                (v3.3.3)

2024-09-10T15:38:07.277+09:00  INFO 13672 --- [    Test worker] i.c.h.i.repository.ItemRepositoryTest    : Starting ItemRepositoryTest using Java 21.0.2 with PID 13672 (started by PC in D:\Spring_WS\C_Ban\HyeonTaekShop)
2024-09-10T15:38:07.278+09:00  INFO 13672 --- [    Test worker] i.c.h.i.repository.ItemRepositoryTest    : No active profile set, falling back to 1 default profile: "default"
2024-09-10T15:38:07.736+09:00  INFO 13672 --- [    Test worker] .s.d.r.c.RepositoryConfigurationDelegate : Bootstrapping Spring Data JPA repositories in DEFAULT mode.
2024-09-10T15:38:07.776+09:00  INFO 13672 --- [    Test worker] .s.d.r.c.RepositoryConfigurationDelegate : Finished Spring Data repository scanning in 33 ms. Found 1 JPA repository interface.
2024-09-10T15:38:08.091+09:00  INFO 13672 --- [    Test worker] o.hibernate.jpa.internal.util.LogHelper  : HHH000204: Processing PersistenceUnitInfo [name: default]
2024-09-10T15:38:08.132+09:00  INFO 13672 --- [    Test worker] org.hibernate.Version                    : HHH000412: Hibernate ORM core version 6.5.2.Final
2024-09-10T15:38:08.160+09:00  INFO 13672 --- [    Test worker] o.h.c.internal.RegionFactoryInitiator    : HHH000026: Second-level cache disabled
2024-09-10T15:38:08.386+09:00  INFO 13672 --- [    Test worker] o.s.o.j.p.SpringPersistenceUnitInfo      : No LoadTimeWeaver setup: ignoring JPA class transformer
2024-09-10T15:38:08.406+09:00  INFO 13672 --- [    Test worker] com.zaxxer.hikari.HikariDataSource       : HikariPool-1 - Starting...
2024-09-10T15:38:08.669+09:00  INFO 13672 --- [    Test worker] com.zaxxer.hikari.pool.HikariPool        : HikariPool-1 - Added connection com.mysql.cj.jdbc.ConnectionImpl@5c79c5ec
2024-09-10T15:38:08.671+09:00  INFO 13672 --- [    Test worker] com.zaxxer.hikari.HikariDataSource       : HikariPool-1 - Start completed.
2024-09-10T15:38:08.708+09:00  WARN 13672 --- [    Test worker] org.hibernate.orm.deprecation            : HHH90000025: MySQL8Dialect does not need to be specified explicitly using 'hibernate.dialect' (remove the property setting and it will be selected by default)
2024-09-10T15:38:08.710+09:00  WARN 13672 --- [    Test worker] org.hibernate.orm.deprecation            : HHH90000026: MySQL8Dialect has been deprecated; use org.hibernate.dialect.MySQLDialect instead
2024-09-10T15:38:08.731+09:00 DEBUG 13672 --- [    Test worker] o.h.t.d.sql.spi.DdlTypeRegistry          : addDescriptor(12, org.hibernate.type.descriptor.sql.internal.CapacityDependentDdlType@1d1b3620) replaced previous registration(org.hibernate.type.descriptor.sql.internal.CapacityDependentDdlType@71e7c13f)
2024-09-10T15:38:08.731+09:00 DEBUG 13672 --- [    Test worker] o.h.t.d.sql.spi.DdlTypeRegistry          : addDescriptor(-9, org.hibernate.type.descriptor.sql.internal.CapacityDependentDdlType@2295566b) replaced previous registration(org.hibernate.type.descriptor.sql.internal.CapacityDependentDdlType@174e1b99)
2024-09-10T15:38:08.731+09:00 DEBUG 13672 --- [    Test worker] o.h.t.d.sql.spi.DdlTypeRegistry          : addDescriptor(-3, org.hibernate.type.descriptor.sql.internal.CapacityDependentDdlType@53a09566) replaced previous registration(org.hibernate.type.descriptor.sql.internal.CapacityDependentDdlType@1c815814)
2024-09-10T15:38:08.731+09:00 DEBUG 13672 --- [    Test worker] o.h.t.d.sql.spi.DdlTypeRegistry          : addDescriptor(4003, org.hibernate.type.descriptor.sql.internal.DdlTypeImpl@14af73e1) replaced previous registration(org.hibernate.type.descriptor.sql.internal.DdlTypeImpl@73da303e)
2024-09-10T15:38:08.731+09:00 DEBUG 13672 --- [    Test worker] o.h.t.d.sql.spi.DdlTypeRegistry          : addDescriptor(4001, org.hibernate.type.descriptor.sql.internal.DdlTypeImpl@24068086) replaced previous registration(org.hibernate.type.descriptor.sql.internal.DdlTypeImpl@32513dea)
2024-09-10T15:38:08.732+09:00 DEBUG 13672 --- [    Test worker] o.h.t.d.sql.spi.DdlTypeRegistry          : addDescriptor(4002, org.hibernate.type.descriptor.sql.internal.DdlTypeImpl@5d0e703a) replaced previous registration(org.hibernate.type.descriptor.sql.internal.DdlTypeImpl@7f77e065)
2024-09-10T15:38:08.732+09:00 DEBUG 13672 --- [    Test worker] o.h.t.d.sql.spi.DdlTypeRegistry          : addDescriptor(2004, org.hibernate.type.descriptor.sql.internal.CapacityDependentDdlType@6f655dbd) replaced previous registration(org.hibernate.type.descriptor.sql.internal.DdlTypeImpl@546083d6)
2024-09-10T15:38:08.732+09:00 DEBUG 13672 --- [    Test worker] o.h.t.d.sql.spi.DdlTypeRegistry          : addDescriptor(2005, org.hibernate.type.descriptor.sql.internal.CapacityDependentDdlType@7ac1b6c0) replaced previous registration(org.hibernate.type.descriptor.sql.internal.DdlTypeImpl@3a751535)
2024-09-10T15:38:08.732+09:00 DEBUG 13672 --- [    Test worker] o.h.t.d.sql.spi.DdlTypeRegistry          : addDescriptor(2011, org.hibernate.type.descriptor.sql.internal.CapacityDependentDdlType@7fb82f73) replaced previous registration(org.hibernate.type.descriptor.sql.internal.DdlTypeImpl@2f166d61)
2024-09-10T15:38:09.284+09:00  INFO 13672 --- [    Test worker] o.h.e.t.j.p.i.JtaPlatformInitiator       : HHH000489: No JTA platform available (set 'hibernate.transaction.jta.platform' to enable JTA platform integration)
2024-09-10T15:38:09.315+09:00  INFO 13672 --- [    Test worker] j.LocalContainerEntityManagerFactoryBean : Initialized JPA EntityManagerFactory for persistence unit 'default'
2024-09-10T15:38:09.446+09:00  WARN 13672 --- [    Test worker] JpaBaseConfiguration$JpaWebConfiguration : spring.jpa.open-in-view is enabled by default. Therefore, database queries may be performed during view rendering. Explicitly configure spring.jpa.open-in-view to disable this warning
2024-09-10T15:38:09.469+09:00  INFO 13672 --- [    Test worker] o.s.b.a.w.s.WelcomePageHandlerMapping    : Adding welcome page template: index
2024-09-10T15:38:10.000+09:00  INFO 13672 --- [    Test worker] i.c.h.i.repository.ItemRepositoryTest    : Started ItemRepositoryTest in 2.926 seconds (process running for 3.79)
Hibernate: 
    select
        i1_0.item_id,
        i1_0.item_detail,
        i1_0.item_nm,
        i1_0.price,
        i1_0.stock 
    from
        item i1_0 
    where
        i1_0.item_nm like ? escape '\\'
Item(id=2, itemNm=신상품2, price=20000, stockNumer=200, itemDetail=신상품 상세 설명2)
Item(id=3, itemNm=신상품21, price=20000, stockNumer=200, itemDetail=신상품 상세 설명2)
Item(id=4, itemNm=신상품22, price=30000, stockNumer=200, itemDetail=신상품 상세 설명2)
]]></system-out>
  <system-err><![CDATA[WARNING: A Java agent has been loaded dynamically (C:\Users\PC\.gradle\caches\modules-2\files-2.1\net.bytebuddy\byte-buddy-agent\1.14.19\154da3a65b4f4a909d3e5bdec55d1b2b4cbb6ce1\byte-buddy-agent-1.14.19.jar)
WARNING: If a serviceability tool is in use, please run with -XX:+EnableDynamicAgentLoading to hide this warning
WARNING: If a serviceability tool is not in use, please run with -Djdk.instrument.traceUsage for more information
WARNING: Dynamic loading of agents will be disallowed by default in a future release
]]></system-err>
</testsuite>
